[    16.067] (--) Log file renamed from "/home/emteq/.local/share/xorg/Xorg.pid-546.log" to "/home/emteq/.local/share/xorg/Xorg.0.log"
[    16.092] 
X.Org X Server 1.18.1
Release Date: 2016-02-08
[    16.092] X Protocol Version 11, Revision 0
[    16.092] Build Operating System: Linux 4.2.5-1-ARCH x86_64 
[    16.092] Current Operating System: Linux EMTEQ 4.4.1-2-ARCH #1 SMP PREEMPT Wed Feb 3 13:12:33 UTC 2016 x86_64
[    16.092] Kernel command line: BOOT_IMAGE=/vmlinuz-linux root=UUID=2ca42658-aeb6-4528-b87e-5ff5717f5318 rw quiet
[    16.092] Build Date: 11 February 2016  09:57:03AM
[    16.092]  
[    16.092] Current version of pixman: 0.34.0
[    16.092] 	Before reporting problems, check http://wiki.x.org
	to make sure that you have the latest version.
[    16.092] Markers: (--) probed, (**) from config file, (==) default setting,
	(++) from command line, (!!) notice, (II) informational,
	(WW) warning, (EE) error, (NI) not implemented, (??) unknown.
[    16.092] (==) Log file: "/home/emteq/.local/share/xorg/Xorg.0.log", Time: Wed Aug 10 16:20:00 2016
[    16.143] (==) Using system config directory "/usr/share/X11/xorg.conf.d"
[    16.164] (==) No Layout section.  Using the first Screen section.
[    16.164] (==) No screen section available. Using defaults.
[    16.164] (**) |-->Screen "Default Screen Section" (0)
[    16.164] (**) |   |-->Monitor "<default monitor>"
[    16.165] (==) No monitor specified for screen "Default Screen Section".
	Using a default monitor configuration.
[    16.165] (==) Automatically adding devices
[    16.165] (==) Automatically enabling devices
[    16.165] (==) Automatically adding GPU devices
[    16.165] (==) Max clients allowed: 256, resource mask: 0x1fffff
[    16.191] (WW) The directory "/usr/share/fonts/Type1/" does not exist.
[    16.191] 	Entry deleted from font path.
[    16.192] (WW) `fonts.dir' not found (or not valid) in "/usr/share/fonts/100dpi/".
[    16.192] 	Entry deleted from font path.
[    16.192] 	(Run 'mkfontdir' on "/usr/share/fonts/100dpi/").
[    16.192] (WW) `fonts.dir' not found (or not valid) in "/usr/share/fonts/75dpi/".
[    16.192] 	Entry deleted from font path.
[    16.192] 	(Run 'mkfontdir' on "/usr/share/fonts/75dpi/").
[    16.192] (==) FontPath set to:
	/usr/share/fonts/misc/,
	/usr/share/fonts/TTF/,
	/usr/share/fonts/OTF/
[    16.192] (==) ModulePath set to "/usr/lib/xorg/modules"
[    16.192] (II) The server relies on udev to provide the list of input devices.
	If no devices become available, reconfigure udev or disable AutoAddDevices.
[    16.193] (II) Loader magic: 0x81ad60
[    16.193] (II) Module ABI versions:
[    16.193] 	X.Org ANSI C Emulation: 0.4
[    16.193] 	X.Org Video Driver: 20.0
[    16.193] 	X.Org XInput driver : 22.1
[    16.193] 	X.Org Server Extension : 9.0
[    16.194] (++) using VT number 1

[    16.195] (II) systemd-logind: took control of session /org/freedesktop/login1/session/c1
[    16.196] (II) xfree86: Adding drm device (/dev/dri/card0)
[    16.196] (II) systemd-logind: got fd for /dev/dri/card0 226:0 fd 9 paused 0
[    16.198] (--) PCI:*(0:0:2:0) 8086:0a16:103c:2248 rev 11, Mem @ 0xc0000000/4194304, 0xb0000000/268435456, I/O @ 0x00006000/64
[    16.198] (WW) Open ACPI failed (/var/run/acpid.socket) (No such file or directory)
[    16.198] (II) LoadModule: "glx"
[    16.210] (II) Loading /usr/lib/xorg/modules/extensions/libglx.so
[    16.309] (II) Module glx: vendor="X.Org Foundation"
[    16.309] 	compiled for 1.18.1, module version = 1.0.0
[    16.309] 	ABI class: X.Org Server Extension, version 9.0
[    16.309] (==) AIGLX enabled
[    16.309] (==) Matched intel as autoconfigured driver 0
[    16.309] (==) Matched intel as autoconfigured driver 1
[    16.309] (==) Matched modesetting as autoconfigured driver 2
[    16.309] (==) Matched fbdev as autoconfigured driver 3
[    16.309] (==) Matched vesa as autoconfigured driver 4
[    16.309] (==) Assigned the driver to the xf86ConfigLayout
[    16.309] (II) LoadModule: "intel"
[    16.330] (II) Loading /usr/lib/xorg/modules/drivers/intel_drv.so
[    16.362] (II) Module intel: vendor="X.Org Foundation"
[    16.362] 	compiled for 1.18.0, module version = 2.99.917
[    16.362] 	Module class: X.Org Video Driver
[    16.362] 	ABI class: X.Org Video Driver, version 20.0
[    16.362] (II) LoadModule: "modesetting"
[    16.362] (II) Loading /usr/lib/xorg/modules/drivers/modesetting_drv.so
[    16.363] (II) Module modesetting: vendor="X.Org Foundation"
[    16.363] 	compiled for 1.18.1, module version = 1.18.1
[    16.363] 	Module class: X.Org Video Driver
[    16.363] 	ABI class: X.Org Video Driver, version 20.0
[    16.363] (II) LoadModule: "fbdev"
[    16.364] (WW) Warning, couldn't open module fbdev
[    16.364] (II) UnloadModule: "fbdev"
[    16.364] (II) Unloading fbdev
[    16.364] (EE) Failed to load module "fbdev" (module does not exist, 0)
[    16.364] (II) LoadModule: "vesa"
[    16.364] (WW) Warning, couldn't open module vesa
[    16.364] (II) UnloadModule: "vesa"
[    16.364] (II) Unloading vesa
[    16.364] (EE) Failed to load module "vesa" (module does not exist, 0)
[    16.364] (II) intel: Driver for Intel(R) Integrated Graphics Chipsets:
	i810, i810-dc100, i810e, i815, i830M, 845G, 854, 852GM/855GM, 865G,
	915G, E7221 (i915), 915GM, 945G, 945GM, 945GME, Pineview GM,
	Pineview G, 965G, G35, 965Q, 946GZ, 965GM, 965GME/GLE, G33, Q35, Q33,
	GM45, 4 Series, G45/G43, Q45/Q43, G41, B43
[    16.365] (II) intel: Driver for Intel(R) HD Graphics: 2000-6000
[    16.365] (II) intel: Driver for Intel(R) Iris(TM) Graphics: 5100, 6100
[    16.365] (II) intel: Driver for Intel(R) Iris(TM) Pro Graphics: 5200, 6200, P6300
[    16.365] (II) modesetting: Driver for Modesetting Kernel Drivers: kms
[    16.365] xf86EnableIOPorts: failed to set IOPL for I/O (Operation not permitted)
[    16.372] (II) intel(0): Using Kernel Mode Setting driver: i915, version 1.6.0 20151010
[    16.372] (II) intel(0): SNA compiled from 2.99.917-519-g8229390
[    16.375] (WW) Falling back to old probe method for modesetting
[    16.375] (WW) VGA arbiter: cannot open kernel arbiter, no multi-card support
[    16.376] (--) intel(0): Integrated Graphics Chipset: Intel(R) HD Graphics 4400
[    16.376] (--) intel(0): CPU: x86-64, sse2, sse3, ssse3, sse4.1, sse4.2, avx, avx2; using a maximum of 2 threads
[    16.376] (II) intel(0): Creating default Display subsection in Screen section
	"Default Screen Section" for depth/fbbpp 24/32
[    16.376] (==) intel(0): Depth 24, (--) framebuffer bpp 32
[    16.376] (==) intel(0): RGB weight 888
[    16.376] (==) intel(0): Default visual is TrueColor
[    16.376] (II) intel(0): Output eDP1 has no monitor section
[    16.393] (--) intel(0): Found backlight control interface intel_backlight (type 'raw') for output eDP1
[    16.393] (II) intel(0): Enabled output eDP1
[    16.393] (II) intel(0): Output HDMI1 has no monitor section
[    16.393] (II) intel(0): Enabled output HDMI1
[    16.393] (II) intel(0): Output DP1 has no monitor section
[    16.393] (II) intel(0): Enabled output DP1
[    16.393] (II) intel(0): Output HDMI2 has no monitor section
[    16.393] (II) intel(0): Enabled output HDMI2
[    16.393] (--) intel(0): Using a maximum size of 256x256 for hardware cursors
[    16.393] (II) intel(0): Output VIRTUAL1 has no monitor section
[    16.393] (II) intel(0): Enabled output VIRTUAL1
[    16.393] (--) intel(0): Output eDP1 using initial mode 1366x768 on pipe 0
[    16.393] (==) intel(0): TearFree disabled
[    16.393] (==) intel(0): DPI set to (96, 96)
[    16.393] (II) Loading sub module "dri2"
[    16.393] (II) LoadModule: "dri2"
[    16.393] (II) Module "dri2" already built-in
[    16.393] (II) Loading sub module "present"
[    16.393] (II) LoadModule: "present"
[    16.393] (II) Module "present" already built-in
[    16.393] (II) UnloadModule: "modesetting"
[    16.394] (II) Unloading modesetting
[    16.394] (==) Depth 24 pixmap format is 32 bpp
[    16.400] (II) intel(0): SNA initialized with Haswell (gen7.5, gt2) backend
[    16.400] (==) intel(0): Backing store enabled
[    16.400] (==) intel(0): Silken mouse enabled
[    16.401] (II) intel(0): HW Cursor enabled
[    16.401] (II) intel(0): RandR 1.2 enabled, ignore the following RandR disabled message.
[    16.401] (==) intel(0): DPMS enabled
[    16.402] (==) intel(0): Display hotplug detection enabled
[    16.402] (II) intel(0): [DRI2] Setup complete
[    16.402] (II) intel(0): [DRI2]   DRI driver: i965
[    16.402] (II) intel(0): [DRI2]   VDPAU driver: va_gl
[    16.402] (II) intel(0): direct rendering: DRI2 enabled
[    16.402] (II) intel(0): hardware support for Present enabled
[    16.402] (--) RandR disabled
[    16.495] (II) AIGLX: enabled GLX_MESA_copy_sub_buffer
[    16.495] (II) AIGLX: enabled GLX_ARB_create_context
[    16.495] (II) AIGLX: enabled GLX_ARB_create_context_profile
[    16.495] (II) AIGLX: enabled GLX_EXT_create_context_es{,2}_profile
[    16.495] (II) AIGLX: enabled GLX_INTEL_swap_event
[    16.495] (II) AIGLX: enabled GLX_SGI_swap_control and GLX_MESA_swap_control
[    16.495] (II) AIGLX: enabled GLX_EXT_framebuffer_sRGB
[    16.495] (II) AIGLX: enabled GLX_ARB_fbconfig_float
[    16.495] (II) AIGLX: GLX_EXT_texture_from_pixmap backed by buffer objects
[    16.495] (II) AIGLX: enabled GLX_ARB_create_context_robustness
[    16.495] (II) AIGLX: Loaded and initialized i965
[    16.495] (II) GLX: Initialized DRI2 GL provider for screen 0
[    16.499] (II) intel(0): switch to mode 1366x768@60.0 on eDP1 using pipe 0, position (0, 0), rotation normal, reflection none
[    16.500] (II) intel(0): Setting screen physical size to 361 x 203
[    16.847] (II) config/udev: Adding input device Power Button (/dev/input/event4)
[    16.847] (**) Power Button: Applying InputClass "evdev keyboard catchall"
[    16.847] (II) LoadModule: "evdev"
[    16.848] (II) Loading /usr/lib/xorg/modules/input/evdev_drv.so
[    16.867] (II) Module evdev: vendor="X.Org Foundation"
[    16.867] 	compiled for 1.18.0, module version = 2.10.1
[    16.867] 	Module class: X.Org XInput Driver
[    16.867] 	ABI class: X.Org XInput driver, version 22.1
[    16.868] (II) systemd-logind: got fd for /dev/input/event4 13:68 fd 13 paused 0
[    16.868] (II) Using input driver 'evdev' for 'Power Button'
[    16.868] (**) Power Button: always reports core events
[    16.868] (**) evdev: Power Button: Device: "/dev/input/event4"
[    16.868] (--) evdev: Power Button: Vendor 0 Product 0x1
[    16.868] (--) evdev: Power Button: Found keys
[    16.868] (II) evdev: Power Button: Configuring as keyboard
[    16.868] (**) Option "config_info" "udev:/sys/devices/LNXSYSTM:00/LNXPWRBN:00/input/input8/event4"
[    16.868] (II) XINPUT: Adding extended input device "Power Button" (type: KEYBOARD, id 6)
[    16.868] (**) Option "xkb_rules" "evdev"
[    16.869] (II) config/udev: Adding input device Video Bus (/dev/input/event10)
[    16.869] (**) Video Bus: Applying InputClass "evdev keyboard catchall"
[    16.869] (II) systemd-logind: got fd for /dev/input/event10 13:74 fd 14 paused 0
[    16.869] (II) Using input driver 'evdev' for 'Video Bus'
[    16.869] (**) Video Bus: always reports core events
[    16.869] (**) evdev: Video Bus: Device: "/dev/input/event10"
[    16.869] (--) evdev: Video Bus: Vendor 0 Product 0x6
[    16.869] (--) evdev: Video Bus: Found keys
[    16.869] (II) evdev: Video Bus: Configuring as keyboard
[    16.869] (**) Option "config_info" "udev:/sys/devices/LNXSYSTM:00/LNXSYBUS:00/PNP0A08:00/LNXVIDEO:00/input/input17/event10"
[    16.869] (II) XINPUT: Adding extended input device "Video Bus" (type: KEYBOARD, id 7)
[    16.869] (**) Option "xkb_rules" "evdev"
[    16.870] (II) config/udev: Adding input device Lid Switch (/dev/input/event3)
[    16.870] (II) No input driver specified, ignoring this device.
[    16.870] (II) This device may have been added with another device file.
[    16.870] (II) config/udev: Adding input device Sleep Button (/dev/input/event2)
[    16.870] (**) Sleep Button: Applying InputClass "evdev keyboard catchall"
[    16.871] (II) systemd-logind: got fd for /dev/input/event2 13:66 fd 15 paused 0
[    16.871] (II) Using input driver 'evdev' for 'Sleep Button'
[    16.871] (**) Sleep Button: always reports core events
[    16.871] (**) evdev: Sleep Button: Device: "/dev/input/event2"
[    16.871] (--) evdev: Sleep Button: Vendor 0 Product 0x3
[    16.871] (--) evdev: Sleep Button: Found keys
[    16.871] (II) evdev: Sleep Button: Configuring as keyboard
[    16.871] (**) Option "config_info" "udev:/sys/devices/LNXSYSTM:00/LNXSYBUS:00/PNP0C0E:00/input/input6/event2"
[    16.871] (II) XINPUT: Adding extended input device "Sleep Button" (type: KEYBOARD, id 8)
[    16.871] (**) Option "xkb_rules" "evdev"
[    16.872] (II) config/udev: Adding input device HDA Intel HDMI HDMI/DP,pcm=3 (/dev/input/event13)
[    16.872] (II) No input driver specified, ignoring this device.
[    16.872] (II) This device may have been added with another device file.
[    16.872] (II) config/udev: Adding input device HDA Intel HDMI HDMI/DP,pcm=7 (/dev/input/event14)
[    16.872] (II) No input driver specified, ignoring this device.
[    16.872] (II) This device may have been added with another device file.
[    16.873] (II) config/udev: Adding input device HDA Intel HDMI HDMI/DP,pcm=8 (/dev/input/event15)
[    16.873] (II) No input driver specified, ignoring this device.
[    16.873] (II) This device may have been added with another device file.
[    16.873] (II) config/udev: Adding input device HP HD Webcam (/dev/input/event8)
[    16.873] (**) HP HD Webcam: Applying InputClass "evdev keyboard catchall"
[    16.874] (II) systemd-logind: got fd for /dev/input/event8 13:72 fd 16 paused 0
[    16.874] (II) Using input driver 'evdev' for 'HP HD Webcam'
[    16.874] (**) HP HD Webcam: always reports core events
[    16.874] (**) evdev: HP HD Webcam: Device: "/dev/input/event8"
[    16.874] (--) evdev: HP HD Webcam: Vendor 0x4f2 Product 0xb477
[    16.874] (--) evdev: HP HD Webcam: Found keys
[    16.874] (II) evdev: HP HD Webcam: Configuring as keyboard
[    16.874] (**) Option "config_info" "udev:/sys/devices/pci0000:00/0000:00:14.0/usb1/1-7/1-7:1.0/input/input12/event8"
[    16.874] (II) XINPUT: Adding extended input device "HP HD Webcam" (type: KEYBOARD, id 9)
[    16.874] (**) Option "xkb_rules" "evdev"
[    16.875] (II) config/udev: Adding input device HDA Intel PCH Mic (/dev/input/event6)
[    16.875] (II) No input driver specified, ignoring this device.
[    16.875] (II) This device may have been added with another device file.
[    16.875] (II) config/udev: Adding input device HDA Intel PCH Headphone (/dev/input/event7)
[    16.875] (II) No input driver specified, ignoring this device.
[    16.875] (II) This device may have been added with another device file.
[    16.875] (II) config/udev: Adding input device HDA Digital PCBeep (/dev/input/event5)
[    16.875] (II) No input driver specified, ignoring this device.
[    16.875] (II) This device may have been added with another device file.
[    16.876] (II) config/udev: Adding input device AT Translated Set 2 keyboard (/dev/input/event0)
[    16.876] (**) AT Translated Set 2 keyboard: Applying InputClass "evdev keyboard catchall"
[    16.876] (II) systemd-logind: got fd for /dev/input/event0 13:64 fd 17 paused 0
[    16.876] (II) Using input driver 'evdev' for 'AT Translated Set 2 keyboard'
[    16.876] (**) AT Translated Set 2 keyboard: always reports core events
[    16.876] (**) evdev: AT Translated Set 2 keyboard: Device: "/dev/input/event0"
[    16.876] (--) evdev: AT Translated Set 2 keyboard: Vendor 0x1 Product 0x1
[    16.876] (--) evdev: AT Translated Set 2 keyboard: Found keys
[    16.876] (II) evdev: AT Translated Set 2 keyboard: Configuring as keyboard
[    16.876] (**) Option "config_info" "udev:/sys/devices/platform/i8042/serio0/input/input0/event0"
[    16.876] (II) XINPUT: Adding extended input device "AT Translated Set 2 keyboard" (type: KEYBOARD, id 10)
[    16.876] (**) Option "xkb_rules" "evdev"
[    16.877] (II) config/udev: Adding input device SynPS/2 Synaptics TouchPad (/dev/input/event12)
[    16.877] (**) SynPS/2 Synaptics TouchPad: Applying InputClass "evdev touchpad catchall"
[    16.877] (**) SynPS/2 Synaptics TouchPad: Applying InputClass "touchpad catchall"
[    16.877] (**) SynPS/2 Synaptics TouchPad: Applying InputClass "Default clickpad buttons"
[    16.877] (II) LoadModule: "synaptics"
[    16.877] (II) Loading /usr/lib/xorg/modules/input/synaptics_drv.so
[    16.878] (II) Module synaptics: vendor="X.Org Foundation"
[    16.878] 	compiled for 1.18.0, module version = 1.8.3
[    16.878] 	Module class: X.Org XInput Driver
[    16.878] 	ABI class: X.Org XInput driver, version 22.1
[    16.879] (II) systemd-logind: got fd for /dev/input/event12 13:76 fd 18 paused 0
[    16.879] (II) Using input driver 'synaptics' for 'SynPS/2 Synaptics TouchPad'
[    16.879] (**) SynPS/2 Synaptics TouchPad: always reports core events
[    16.879] (**) Option "Device" "/dev/input/event12"
[    16.920] (II) synaptics: SynPS/2 Synaptics TouchPad: ignoring touch events for semi-multitouch device
[    16.920] (--) synaptics: SynPS/2 Synaptics TouchPad: x-axis range 1220 - 5716 (res 46)
[    16.920] (--) synaptics: SynPS/2 Synaptics TouchPad: y-axis range 986 - 4886 (res 80)
[    16.920] (--) synaptics: SynPS/2 Synaptics TouchPad: pressure range 0 - 255
[    16.920] (--) synaptics: SynPS/2 Synaptics TouchPad: finger width range 0 - 15
[    16.920] (--) synaptics: SynPS/2 Synaptics TouchPad: buttons: left right double triple
[    16.920] (--) synaptics: SynPS/2 Synaptics TouchPad: Vendor 0x2 Product 0x7
[    16.920] (**) Option "TapButton1" "1"
[    16.920] (**) Option "TapButton2" "2"
[    16.920] (**) Option "TapButton3" "3"
[    16.920] (--) synaptics: SynPS/2 Synaptics TouchPad: touchpad found
[    16.920] (**) SynPS/2 Synaptics TouchPad: always reports core events
[    16.920] (**) Option "config_info" "udev:/sys/devices/platform/i8042/serio3/input/input15/event12"
[    16.920] (II) XINPUT: Adding extended input device "SynPS/2 Synaptics TouchPad" (type: TOUCHPAD, id 11)
[    16.920] (**) synaptics: SynPS/2 Synaptics TouchPad: (accel) MinSpeed is now constant deceleration 2.5
[    16.920] (**) synaptics: SynPS/2 Synaptics TouchPad: (accel) MaxSpeed is now 1.75
[    16.920] (**) synaptics: SynPS/2 Synaptics TouchPad: (accel) AccelFactor is now 0.034
[    16.920] (**) SynPS/2 Synaptics TouchPad: (accel) keeping acceleration scheme 1
[    16.920] (**) SynPS/2 Synaptics TouchPad: (accel) acceleration profile 1
[    16.920] (**) SynPS/2 Synaptics TouchPad: (accel) acceleration factor: 2.000
[    16.920] (**) SynPS/2 Synaptics TouchPad: (accel) acceleration threshold: 4
[    16.920] (--) synaptics: SynPS/2 Synaptics TouchPad: touchpad found
[    16.921] (II) config/udev: Adding input device SynPS/2 Synaptics TouchPad (/dev/input/mouse0)
[    16.921] (**) SynPS/2 Synaptics TouchPad: Ignoring device from InputClass "touchpad ignore duplicates"
[    16.921] (II) config/udev: Adding input device ST LIS3LV02DL Accelerometer (/dev/input/event9)
[    16.921] (II) No input driver specified, ignoring this device.
[    16.921] (II) This device may have been added with another device file.
[    16.921] (II) config/udev: Adding input device ST LIS3LV02DL Accelerometer (/dev/input/js0)
[    16.921] (II) No input driver specified, ignoring this device.
[    16.921] (II) This device may have been added with another device file.
[    16.922] (II) config/udev: Adding input device HP WMI hotkeys (/dev/input/event11)
[    16.922] (**) HP WMI hotkeys: Applying InputClass "evdev keyboard catchall"
[    16.922] (II) systemd-logind: got fd for /dev/input/event11 13:75 fd 19 paused 0
[    16.922] (II) Using input driver 'evdev' for 'HP WMI hotkeys'
[    16.922] (**) HP WMI hotkeys: always reports core events
[    16.922] (**) evdev: HP WMI hotkeys: Device: "/dev/input/event11"
[    16.923] (--) evdev: HP WMI hotkeys: Vendor 0 Product 0
[    16.923] (--) evdev: HP WMI hotkeys: Found keys
[    16.923] (II) evdev: HP WMI hotkeys: Configuring as keyboard
[    16.923] (**) Option "config_info" "udev:/sys/devices/virtual/input/input18/event11"
[    16.923] (II) XINPUT: Adding extended input device "HP WMI hotkeys" (type: KEYBOARD, id 12)
[    16.923] (**) Option "xkb_rules" "evdev"
[    16.923] (II) config/udev: Adding input device HP Wireless hotkeys (/dev/input/event1)
[    16.923] (**) HP Wireless hotkeys: Applying InputClass "evdev keyboard catchall"
[    16.924] (II) systemd-logind: got fd for /dev/input/event1 13:65 fd 20 paused 0
[    16.924] (II) Using input driver 'evdev' for 'HP Wireless hotkeys'
[    16.924] (**) HP Wireless hotkeys: always reports core events
[    16.924] (**) evdev: HP Wireless hotkeys: Device: "/dev/input/event1"
[    16.924] (--) evdev: HP Wireless hotkeys: Vendor 0 Product 0
[    16.924] (--) evdev: HP Wireless hotkeys: Found keys
[    16.924] (II) evdev: HP Wireless hotkeys: Configuring as keyboard
[    16.924] (**) Option "config_info" "udev:/sys/devices/virtual/input/input5/event1"
[    16.924] (II) XINPUT: Adding extended input device "HP Wireless hotkeys" (type: KEYBOARD, id 13)
[    16.924] (**) Option "xkb_rules" "evdev"
[    18.394] (II) intel(0): EDID vendor "CMN", prod id 5566
[    18.394] (II) intel(0): Printing DDC gathered Modelines:
[    18.394] (II) intel(0): Modeline "1366x768"x0.0   76.42  1366 1434 1479 1592  768 772 779 800 +hsync -vsync (48.0 kHz eP)
[    18.394] (II) intel(0): Modeline "1366x768"x0.0   50.95  1366 1434 1479 1592  768 772 779 800 +hsync -vsync (32.0 kHz e)
